  ftdebug.c
  autofit.c
  bdf.c
  ftbzip2.c
  cff.c
  ftbase.c
  ftbitmap.c
  ftcache.c
builds\windows\ftdebug.c(44): fatal error C1083: Cannot open include file: 'ft2build.h': No such file or directory
src\bzip2\ftbzip2.c(26): fatal error C1083: Cannot open include file: 'ft2build.h': No such file or directory
src\autofit\autofit.c(20): fatal error C1083: Cannot open include file: 'ft2build.h': No such file or directory
  ftfstype.c
src\base\ftbase.c(19): fatal error C1083: Cannot open include file: 'ft2build.h': No such file or directory
  ftgasp.c
  ftglyph.c
  ftinit.c
src\bdf\bdf.c(29): fatal error C1083: Cannot open include file: 'ft2build.h': No such file or directory
src\cff\cff.c(21): fatal error C1083: Cannot open include file: 'ft2build.h': No such file or directory
src\cache\ftcache.c(21): fatal error C1083: Cannot open include file: 'ft2build.h': No such file or directory
  ftgzip.c
src\base\ftbitmap.c(19): fatal error C1083: Cannot open include file: 'ft2build.h': No such file or directory
  ftlzw.c
  ftstroke.c
src\base\ftfstype.c(18): fatal error C1083: Cannot open include file: 'ft2build.h': No such file or directory
  ftsystem.c
src\base\ftgasp.c(19): fatal error C1083: Cannot open include file: 'ft2build.h': No such file or directory
src\base\ftglyph.c(31): fatal error C1083: Cannot open include file: 'ft2build.h': No such file or directory
  smooth.c
  ftbbox.c
src\base\ftinit.c(40): fatal error C1083: Cannot open include file: 'ft2build.h': No such file or directory
  ftmm.c
  ftpfr.c
src\lzw\ftlzw.c(25): fatal error C1083: Cannot open include file: 'ft2build.h': No such file or directory
src\gzip\ftgzip.c(23): fatal error C1083: Cannot open include file: 'ft2build.h': No such file or directory
src\base\ftstroke.c(19): fatal error C1083: Cannot open include file: 'ft2build.h': No such file or directory
  ftsynth.c
  fttype1.c
src\base\ftsystem.c(28): fatal error C1083: Cannot open include file: 'ft2build.h': No such file or directory
src\smooth\smooth.c(21): fatal error C1083: Cannot open include file: 'ft2build.h': No such file or directory
  ftwinfnt.c
src\base\ftmm.c(19): fatal error C1083: Cannot open include file: 'ft2build.h': No such file or directory
src\base\ftpfr.c(18): fatal error C1083: Cannot open include file: 'ft2build.h': No such file or directory
src\base\ftbbox.c(27): fatal error C1083: Cannot open include file: 'ft2build.h': No such file or directory
  ftxf86.c
  ftlcdfil.c
  ftgxval.c
  ftotval.c
  ftpatent.c
src\base\ftsynth.c(19): fatal error C1083: Cannot open include file: 'ft2build.h': No such file or directory
  pcf.c
src\base\fttype1.c(19): fatal error C1083: Cannot open include file: 'ft2build.h': No such file or directory
  pfr.c
src\base\ftwinfnt.c(19): fatal error C1083: Cannot open include file: 'ft2build.h': No such file or directory
  psaux.c
src\base\ftpatent.c(18): fatal error C1083: Cannot open include file: 'ft2build.h': No such file or directory
src\base\ftgxval.c(28): fatal error C1083: Cannot open include file: 'ft2build.h': No such file or directory
src\base\ftxf86.c(19): fatal error C1083: Cannot open include file: 'ft2build.h': No such file or directory
src\pcf\pcf.c(31): fatal error C1083: Cannot open include file: 'ft2build.h': No such file or directory
  pshinter.c
src\base\ftlcdfil.c(19): fatal error C1083: Cannot open include file: 'ft2build.h': No such file or directory
  psmodule.c
  raster.c
  sfnt.c
  truetype.c
src\base\ftotval.c(18): fatal error C1083: Cannot open include file: 'ft2build.h': No such file or directory
  type1.c
src\psaux\psaux.c(21): fatal error C1083: Cannot open include file: 'ft2build.h': No such file or directory
src\pfr\pfr.c(20): fatal error C1083: Cannot open include file: 'ft2build.h': No such file or directory
  type1cid.c
  type42.c
src\pshinter\pshinter.c(21): fatal error C1083: Cannot open include file: 'ft2build.h': No such file or directory
src\psnames\psmodule.c(19): fatal error C1083: Cannot open include file: 'ft2build.h': No such file or directory
  winfnt.c
src\sfnt\sfnt.c(21): fatal error C1083: Cannot open include file: 'ft2build.h': No such file or directory
src\type1\type1.c(21): fatal error C1083: Cannot open include file: 'ft2build.h': No such file or directory
src\type42\type42.c(20): fatal error C1083: Cannot open include file: 'ft2build.h': No such file or directory
src\truetype\truetype.c(21): fatal error C1083: Cannot open include file: 'ft2build.h': No such file or directory
src\cid\type1cid.c(21): fatal error C1083: Cannot open include file: 'ft2build.h': No such file or directory
src\winfonts\winfnt.c(21): fatal error C1083: Cannot open include file: 'ft2build.h': No such file or directory
src\raster\raster.c(21): fatal error C1083: Cannot open include file: 'ft2build.h': No such file or directory
