z:\ca2\time\library\x86\stage\axispng.lib
z:\ca2\time\library\x86\stage\axispng.exp
z:\ca2\app\axis\png\x64\stage\vc120.pdb
z:\ca2\app\axis\png\x64\stage\pluginpng.obj
z:\ca2\app\axis\png\x64\stage\pngrio.obj
z:\ca2\app\axis\png\x64\stage\pngrutil.obj
z:\ca2\app\axis\png\x64\stage\pngread.obj
z:\ca2\app\axis\png\x64\stage\pngpread.obj
z:\ca2\app\axis\png\x64\stage\pngwio.obj
z:\ca2\app\axis\png\x64\stage\png.obj
z:\ca2\app\axis\png\x64\stage\pngwtran.obj
z:\ca2\app\axis\png\x64\stage\pngerror.obj
z:\ca2\app\axis\png\x64\stage\pngtrans.obj
z:\ca2\app\axis\png\x64\stage\pngrtran.obj
z:\ca2\app\axis\png\x64\stage\pngwutil.obj
z:\ca2\app\axis\png\x64\stage\pngget.obj
z:\ca2\app\axis\png\x64\stage\pngwrite.obj
z:\ca2\app\axis\png\x64\stage\pngmem.obj
z:\ca2\app\axis\png\x64\stage\pngset.obj
z:\ca2\ca2\seed\metaseed\x64\stage\axispng.dll
z:\ca2\ca2\seed\metaseed\x64\stage\axispng.pdb
z:\ca2\app\axis\png\x64\stage\axispng.vcxprojresolveassemblyreference.cache
z:\ca2\app\axis\png\x64\stage\axispng.tlog\axispng.write.1u.tlog
z:\ca2\app\axis\png\x64\stage\axispng.tlog\cl.command.1.tlog
z:\ca2\app\axis\png\x64\stage\axispng.tlog\cl.read.1.tlog
z:\ca2\app\axis\png\x64\stage\axispng.tlog\cl.write.1.tlog
z:\ca2\app\axis\png\x64\stage\axispng.tlog\link.command.1.tlog
z:\ca2\app\axis\png\x64\stage\axispng.tlog\link.read.1.tlog
z:\ca2\app\axis\png\x64\stage\axispng.tlog\link.write.1.tlog
