C:\Program Files (x86)\MSBuild\Microsoft.Cpp\v4.0\V120\Platforms\Win32\PlatformToolsets\v120_xp\Toolset.targets(36,5): warning MSB8003: Could not find WindowsSdkDir_71A variable from the registry.  TargetFrameworkVersion or PlatformToolset may be set to an invalid version number.
  EventHandlerSDL2.cxx
  FBSurfaceSDL2.cxx
  FrameBufferSDL2.cxx
  FSNodeZIP.cxx
  main.cxx
  MouseControl.cxx
  AtariVoxWidget.cxx
  BoosterWidget.cxx
Z:\ca2\app\base\atari2600\src\windows\SerialPortWINDOWS.hxx(23): fatal error C1083: Cannot open include file: 'windows.h': No such file or directory (..\common\main.cxx)
  Cart0840Widget.cxx
z:\ca2\app\base\atari2600\src\windows\HomeFinder.hxx(23): fatal error C1083: Cannot open include file: 'shlobj.h': No such file or directory (..\common\FSNodeZIP.cxx)
  Cart2KWidget.cxx
  Cart3EWidget.cxx
  Cart3FWidget.cxx
  Cart4A50Widget.cxx
  Cart4KSCWidget.cxx
  Cart4KWidget.cxx
  CartARWidget.cxx
  CartBFSCWidget.cxx
  CartBFWidget.cxx
  CartCMWidget.cxx
  CartCTYWidget.cxx
  CartCVWidget.cxx
  CartDASHWidget.cxx
  CartDFSCWidget.cxx
  CartDFWidget.cxx
  CartDPCPlusWidget.cxx
  CartDPCWidget.cxx
  CartE0Widget.cxx
  CartE7Widget.cxx
  CartEFSCWidget.cxx
  CartEFWidget.cxx
  CartF0Widget.cxx
  CartF4SCWidget.cxx
  CartF4Widget.cxx
  CartF6SCWidget.cxx
  CartF6Widget.cxx
  CartF8SCWidget.cxx
  CartF8Widget.cxx
  CartFA2Widget.cxx
  CartFAWidget.cxx
  CartFEWidget.cxx
  CartMCWidget.cxx
  CartMDMWidget.cxx
  CartRamWidget.cxx
  CartSBWidget.cxx
  CartUAWidget.cxx
  CartWDWidget.cxx
  CartX07Widget.cxx
  DrivingWidget.cxx
  GenesisWidget.cxx
  JoystickWidget.cxx
  KeyboardWidget.cxx
  PaddleWidget.cxx
  RiotRamWidget.cxx
  RomListSettings.cxx
  SaveKeyWidget.cxx
  Cart4KSC.cxx
  CartBF.cxx
  CartBFSC.cxx
  CartCM.cxx
  CartCTY.cxx
  CartDASH.cxx
  CartDF.cxx
  CartDFSC.cxx
  CartFA2.cxx
  CartMDM.cxx
  CartWD.cxx
  CompuMate.cxx
  EventJoyHandler.cxx
  FBSurface.cxx
  MindLink.cxx
  TIASurface.cxx
  FileListWidget.cxx
  JoystickDialog.cxx
